<?xml version="1.0" encoding="UTF-8"?>
<testsuite xmlns:xsi="http://www.w3.org/2001/XMLSchema-instance" xsi:noNamespaceSchemaLocation="https://maven.apache.org/surefire/maven-surefire-plugin/xsd/surefire-test-report.xsd" version="3.0.2" name="com.Parking.Seguridad.SeguridadApplicationTests" time="11.344" tests="1" errors="0" skipped="0" failures="0">
  <properties>
[...]
</properties>
  <testcase name="contextLoads" classname="com.Parking.Seguridad.SeguridadApplicationTests" time="0.41">
    <system-out><![CDATA[00:00:23.741 [main] INFO org.springframework.test.context.support.AnnotationConfigContextLoaderUtils -- Could not detect default configuration classes for test class [com.Parking.Seguridad.SeguridadApplicationTests]: SeguridadApplicationTests does not declare any static, non-private, non-final, nested classes annotated with @Configuration.
00:00:23.873 [main] INFO org.springframework.boot.test.context.SpringBootTestContextBootstrapper -- Found @SpringBootConfiguration com.Parking.Seguridad.SeguridadApplication for test class com.Parking.Seguridad.SeguridadApplicationTests

  .   ____          _            __ _ _
 /\\ / ___'_ __ _ _(_)_ __  __ _ \ \ \ \
( ( )\___ | '_ | '_| | '_ \/ _` | \ \ \ \
 \\/  ___)| |_)| | | | | || (_| |  ) ) ) )
  '  |____| .__|_| |_|_| |_\__, | / / / /
 =========|_|==============|___/=/_/_/_/

 :: Spring Boot ::                (v3.4.5)

2025-06-03T00:00:24.301-05:00  INFO 22276 --- [Seguridad] [           main] c.P.Seguridad.SeguridadApplicationTests  : Starting SeguridadApplicationTests using Java 21.0.7 with PID 22276 (started by ASUS in C:\Users\ASUS\Documents\Universidad\Ing_Informatica\_ProgDistribuidaParalela\Parking_v2\Back_Parking)
2025-06-03T00:00:24.302-05:00  INFO 22276 --- [Seguridad] [           main] c.P.Seguridad.SeguridadApplicationTests  : No active profile set, falling back to 1 default profile: "default"
2025-06-03T00:00:25.009-05:00  INFO 22276 --- [Seguridad] [           main] .s.d.r.c.RepositoryConfigurationDelegate : Bootstrapping Spring Data JPA repositories in DEFAULT mode.
2025-06-03T00:00:25.088-05:00  INFO 22276 --- [Seguridad] [           main] .s.d.r.c.RepositoryConfigurationDelegate : Finished Spring Data repository scanning in 66 ms. Found 5 JPA repository interfaces.
2025-06-03T00:00:25.653-05:00  INFO 22276 --- [Seguridad] [           main] o.hibernate.jpa.internal.util.LogHelper  : HHH000204: Processing PersistenceUnitInfo [name: default]
2025-06-03T00:00:25.723-05:00  INFO 22276 --- [Seguridad] [           main] org.hibernate.Version                    : HHH000412: Hibernate ORM core version 6.6.13.Final
2025-06-03T00:00:25.781-05:00  INFO 22276 --- [Seguridad] [           main] o.h.c.internal.RegionFactoryInitiator    : HHH000026: Second-level cache disabled
2025-06-03T00:00:26.181-05:00  INFO 22276 --- [Seguridad] [           main] o.s.o.j.p.SpringPersistenceUnitInfo      : No LoadTimeWeaver setup: ignoring JPA class transformer
2025-06-03T00:00:26.222-05:00  INFO 22276 --- [Seguridad] [           main] com.zaxxer.hikari.HikariDataSource       : HikariPool-1 - Starting...
2025-06-03T00:00:28.039-05:00  INFO 22276 --- [Seguridad] [           main] com.zaxxer.hikari.pool.HikariPool        : HikariPool-1 - Added connection org.postgresql.jdbc.PgConnection@7cdfa824
2025-06-03T00:00:28.040-05:00  INFO 22276 --- [Seguridad] [           main] com.zaxxer.hikari.HikariDataSource       : HikariPool-1 - Start completed.
2025-06-03T00:00:28.216-05:00  WARN 22276 --- [Seguridad] [           main] org.hibernate.orm.deprecation            : HHH90000025: PostgreSQLDialect does not need to be specified explicitly using 'hibernate.dialect' (remove the property setting and it will be selected by default)
2025-06-03T00:00:28.513-05:00  INFO 22276 --- [Seguridad] [           main] org.hibernate.orm.connections.pooling    : HHH10001005: Database info:
	Database JDBC URL [Connecting through datasource 'HikariDataSource (HikariPool-1)']
	Database driver: undefined/unknown
	Database version: 16.9
	Autocommit mode: undefined/unknown
	Isolation level: undefined/unknown
	Minimum pool size: undefined/unknown
	Maximum pool size: undefined/unknown
2025-06-03T00:00:29.249-05:00  INFO 22276 --- [Seguridad] [           main] o.h.e.t.j.p.i.JtaPlatformInitiator       : HHH000489: No JTA platform available (set 'hibernate.transaction.jta.platform' to enable JTA platform integration)
Hibernate: create table espacio (id bigint generated by default as identity, disponible boolean not null, tipo varchar(255) not null, primary key (id))
Hibernate: create table historico_reserva (id bigint generated by default as identity, fecha_ingreso timestamp(6), fecha_liquidacion timestamp(6), fecha_salida timestamp(6), placa varchar(255), tipo_vehiculo varchar(255), valor numeric(38,2), primary key (id))
Hibernate: create table reserva (id bigint generated by default as identity, hora_llegada timestamp(6) not null, hora_salida timestamp(6), placa varchar(255) not null, tipo varchar(255) not null, valorapagar numeric(38,2), espacio_id bigint not null, primary key (id))
Hibernate: create table role (id integer generated by default as identity, name smallint not null check (name between 0 and 1), primary key (id))
Hibernate: create table users (id varchar(255) not null, password varchar(255) not null, user_name varchar(255) not null, role_id integer not null, primary key (id))
Hibernate: alter table if exists users drop constraint if exists UKk8d0f2n7n88w1a16yhua64onx
2025-06-03T00:00:30.912-05:00  WARN 22276 --- [Seguridad] [           main] o.h.engine.jdbc.spi.SqlExceptionHelper   : SQL Warning Code: 0, SQLState: 00000
2025-06-03T00:00:30.912-05:00  WARN 22276 --- [Seguridad] [           main] o.h.engine.jdbc.spi.SqlExceptionHelper   : constraint "ukk8d0f2n7n88w1a16yhua64onx" of relation "users" does not exist, skipping
Hibernate: alter table if exists users add constraint UKk8d0f2n7n88w1a16yhua64onx unique (user_name)
Hibernate: alter table if exists reserva add constraint FK7h3xvhl6or7i6qig9jkm2vn81 foreign key (espacio_id) references espacio
Hibernate: alter table if exists users add constraint FK4qu1gr772nnf6ve5af002rwya foreign key (role_id) references role
2025-06-03T00:00:31.357-05:00  INFO 22276 --- [Seguridad] [           main] j.LocalContainerEntityManagerFactoryBean : Initialized JPA EntityManagerFactory for persistence unit 'default'
2025-06-03T00:00:31.741-05:00  INFO 22276 --- [Seguridad] [           main] o.s.d.j.r.query.QueryEnhancerFactory     : Hibernate is in classpath; If applicable, HQL parser will be used.
2025-06-03T00:00:32.432-05:00  WARN 22276 --- [Seguridad] [           main] JpaBaseConfiguration$JpaWebConfiguration : spring.jpa.open-in-view is enabled by default. Therefore, database queries may be performed during view rendering. Explicitly configure spring.jpa.open-in-view to disable this warning
2025-06-03T00:00:32.461-05:00  INFO 22276 --- [Seguridad] [           main] r$InitializeUserDetailsManagerConfigurer : Global AuthenticationManager configured with UserDetailsService bean with name userService
2025-06-03T00:00:33.190-05:00  INFO 22276 --- [Seguridad] [           main] c.P.Seguridad.SeguridadApplicationTests  : Started SeguridadApplicationTests in 9.158 seconds (process running for 10.282)
Hibernate: select r1_0.id,r1_0.name from role r1_0 where r1_0.name=?
Hibernate: insert into role (name) values (?)
Hibernate: select r1_0.id,r1_0.name from role r1_0 where r1_0.name=?
Hibernate: insert into role (name) values (?)
]]></system-out>
    <system-err><![CDATA[Mockito is currently self-attaching to enable the inline-mock-maker. This will no longer work in future releases of the JDK. Please add Mockito as an agent to your build what is described in Mockito's documentation: https://javadoc.io/doc/org.mockito/mockito-core/latest/org/mockito/Mockito.html#0.3
WARNING: A Java agent has been loaded dynamically (C:\Users\ASUS\.m2\repository\net\bytebuddy\byte-buddy-agent\1.15.11\byte-buddy-agent-1.15.11.jar)
WARNING: If a serviceability tool is in use, please run with -XX:+EnableDynamicAgentLoading to hide this warning
WARNING: If a serviceability tool is not in use, please run with -Djdk.instrument.traceUsage for more information
WARNING: Dynamic loading of agents will be disallowed by default in a future release
]]></system-err>
  </testcase>
</testsuite>